<?xml version="1.0" encoding="UTF-8"?>
<!-- Generated by org.testng.reporters.JUnitXMLReporter -->
<testsuite ignored="0" hostname="UmeshReddy" failures="0" tests="2" name="Error Validations Test" time="11.103" errors="0" timestamp="28 Aug 2022 16:13:42 GMT">
  <testcase classname="rahulshettyacademy.tests.ErrorValidationsTest" name="LoginErrorValidation" time="0.536"/>
  <testcase classname="rahulshettyacademy.tests.ErrorValidationsTest" name="ProductErrorValidation" time="2.19"/>
</testsuite> <!-- Error Validations Test -->
