<?xml version="1.0" encoding="UTF-8"?>
<!-- Generated by org.testng.reporters.JUnitXMLReporter -->
<testsuite ignored="0" hostname="UmeshReddy" failures="0" tests="2" name="Error Validations Test" time="7.477" errors="0" timestamp="29 Aug 2022 03:19:50 GMT">
  <testcase classname="rahulshettyacademy.tests.ErrorValidationsTest" name="LoginErrorValidation" time="0.422"/>
  <testcase classname="rahulshettyacademy.tests.ErrorValidationsTest" name="ProductErrorValidation" time="1.967"/>
</testsuite> <!-- Error Validations Test -->
